<?xml version="1.0" encoding="UTF-8"?>
<testng-results ignored="0" total="11" passed="11" failed="0" skipped="0">
  <reporter-output>
  </reporter-output>
  <suite started-at="2025-04-04T17:02:05 IST" name="Suite Cucumber All Feature" finished-at="2025-04-04T17:14:37 IST" duration-ms="752143">
    <groups>
      <group name="cucumber">
        <method signature="AbstractTestNGCucumberTests.runScenario(io.cucumber.testng.PickleWrapper,io.cucumber.testng.FeatureWrapper)[pri:0, instance:com.thinktimetechno.runners.FullTest.FullTestTestRunner@5099c59b]" name="runScenario" class="io.cucumber.testng.AbstractTestNGCucumberTests"/>
      </group> <!-- cucumber -->
    </groups>
    <test started-at="2025-04-04T17:02:05 IST" name="Test Cucumber All Feature" finished-at="2025-04-04T17:14:37 IST" duration-ms="752143">
      <class name="com.thinktimetechno.runners.FullTest.FullTestTestRunner">
        <test-method is-config="true" signature="setUpClass(org.testng.ITestContext)[pri:0, instance:com.thinktimetechno.runners.FullTest.FullTestTestRunner@5099c59b]" started-at="2025-04-04T17:02:05 IST" name="setUpClass" finished-at="2025-04-04T17:02:08 IST" duration-ms="3044" status="PASS">
          <params>
            <param index="0">
              <value>
                <![CDATA[org.testng.TestRunner@4431e54b]]>
              </value>
            </param>
          </params>
          <reporter-output>
          </reporter-output>
        </test-method> <!-- setUpClass -->
        <test-method signature="runScenario(io.cucumber.testng.PickleWrapper,io.cucumber.testng.FeatureWrapper)[pri:0, instance:com.thinktimetechno.runners.FullTest.FullTestTestRunner@5099c59b]" started-at="2025-04-04T17:02:08 IST" name="runScenario" description="Runs Cucumber Scenarios" data-provider="scenarios" finished-at="2025-04-04T17:03:06 IST" duration-ms="57968" status="PASS">
          <params>
            <param index="0">
              <value>
                <![CDATA["TC_01 Registration with Valid Details"]]>
              </value>
            </param>
            <param index="1">
              <value>
                <![CDATA["User Registration"]]>
              </value>
            </param>
          </params>
          <reporter-output>
          </reporter-output>
        </test-method> <!-- runScenario -->
        <test-method signature="runScenario(io.cucumber.testng.PickleWrapper,io.cucumber.testng.FeatureWrapper)[pri:0, instance:com.thinktimetechno.runners.FullTest.FullTestTestRunner@5099c59b]" started-at="2025-04-04T17:03:06 IST" name="runScenario" description="Runs Cucumber Scenarios" data-provider="scenarios" finished-at="2025-04-04T17:03:55 IST" duration-ms="48957" status="PASS">
          <params>
            <param index="0">
              <value>
                <![CDATA["TC_02 Register(leaving one mandatory field blank)"]]>
              </value>
            </param>
            <param index="1">
              <value>
                <![CDATA["User Registration"]]>
              </value>
            </param>
          </params>
          <reporter-output>
          </reporter-output>
        </test-method> <!-- runScenario -->
        <test-method signature="runScenario(io.cucumber.testng.PickleWrapper,io.cucumber.testng.FeatureWrapper)[pri:0, instance:com.thinktimetechno.runners.FullTest.FullTestTestRunner@5099c59b]" started-at="2025-04-04T17:03:55 IST" name="runScenario" description="Runs Cucumber Scenarios" data-provider="scenarios" finished-at="2025-04-04T17:04:36 IST" duration-ms="41001" status="PASS">
          <params>
            <param index="0">
              <value>
                <![CDATA["TC_03 Register(with existing accounts credentials)"]]>
              </value>
            </param>
            <param index="1">
              <value>
                <![CDATA["User Registration"]]>
              </value>
            </param>
          </params>
          <reporter-output>
          </reporter-output>
        </test-method> <!-- runScenario -->
        <test-method signature="runScenario(io.cucumber.testng.PickleWrapper,io.cucumber.testng.FeatureWrapper)[pri:0, instance:com.thinktimetechno.runners.FullTest.FullTestTestRunner@5099c59b]" started-at="2025-04-04T17:04:36 IST" name="runScenario" description="Runs Cucumber Scenarios" data-provider="scenarios" finished-at="2025-04-04T17:05:38 IST" duration-ms="62142" status="PASS">
          <params>
            <param index="0">
              <value>
                <![CDATA["TC_04 Navigate to Registration Page from Login Page"]]>
              </value>
            </param>
            <param index="1">
              <value>
                <![CDATA["User Registration"]]>
              </value>
            </param>
          </params>
          <reporter-output>
          </reporter-output>
        </test-method> <!-- runScenario -->
        <test-method signature="runScenario(io.cucumber.testng.PickleWrapper,io.cucumber.testng.FeatureWrapper)[pri:0, instance:com.thinktimetechno.runners.FullTest.FullTestTestRunner@5099c59b]" started-at="2025-04-04T17:05:38 IST" name="runScenario" description="Runs Cucumber Scenarios" data-provider="scenarios" finished-at="2025-04-04T17:06:02 IST" duration-ms="23656" status="PASS">
          <params>
            <param index="0">
              <value>
                <![CDATA["TC_05 Login with Valid Credentials"]]>
              </value>
            </param>
            <param index="1">
              <value>
                <![CDATA["User Login"]]>
              </value>
            </param>
          </params>
          <reporter-output>
          </reporter-output>
        </test-method> <!-- runScenario -->
        <test-method signature="runScenario(io.cucumber.testng.PickleWrapper,io.cucumber.testng.FeatureWrapper)[pri:0, instance:com.thinktimetechno.runners.FullTest.FullTestTestRunner@5099c59b]" started-at="2025-04-04T17:06:02 IST" name="runScenario" description="Runs Cucumber Scenarios" data-provider="scenarios" finished-at="2025-04-04T17:06:30 IST" duration-ms="28576" status="PASS">
          <params>
            <param index="0">
              <value>
                <![CDATA["TC_06 Login with Valid Username Invalid  Password"]]>
              </value>
            </param>
            <param index="1">
              <value>
                <![CDATA["User Login"]]>
              </value>
            </param>
          </params>
          <reporter-output>
          </reporter-output>
        </test-method> <!-- runScenario -->
        <test-method signature="runScenario(io.cucumber.testng.PickleWrapper,io.cucumber.testng.FeatureWrapper)[pri:0, instance:com.thinktimetechno.runners.FullTest.FullTestTestRunner@5099c59b]" started-at="2025-04-04T17:06:30 IST" name="runScenario" description="Runs Cucumber Scenarios" data-provider="scenarios" finished-at="2025-04-04T17:07:01 IST" duration-ms="30777" status="PASS">
          <params>
            <param index="0">
              <value>
                <![CDATA["TC_07 Login with Invalid Username valid  Password"]]>
              </value>
            </param>
            <param index="1">
              <value>
                <![CDATA["User Login"]]>
              </value>
            </param>
          </params>
          <reporter-output>
          </reporter-output>
        </test-method> <!-- runScenario -->
        <test-method signature="runScenario(io.cucumber.testng.PickleWrapper,io.cucumber.testng.FeatureWrapper)[pri:0, instance:com.thinktimetechno.runners.FullTest.FullTestTestRunner@5099c59b]" started-at="2025-04-04T17:07:01 IST" name="runScenario" description="Runs Cucumber Scenarios" data-provider="scenarios" finished-at="2025-04-04T17:07:30 IST" duration-ms="29263" status="PASS">
          <params>
            <param index="0">
              <value>
                <![CDATA["TC_08 Login with Invalid Username Invalid  Password"]]>
              </value>
            </param>
            <param index="1">
              <value>
                <![CDATA["User Login"]]>
              </value>
            </param>
          </params>
          <reporter-output>
          </reporter-output>
        </test-method> <!-- runScenario -->
        <test-method signature="runScenario(io.cucumber.testng.PickleWrapper,io.cucumber.testng.FeatureWrapper)[pri:0, instance:com.thinktimetechno.runners.FullTest.FullTestTestRunner@5099c59b]" started-at="2025-04-04T17:07:30 IST" name="runScenario" description="Runs Cucumber Scenarios" data-provider="scenarios" finished-at="2025-04-04T17:08:03 IST" duration-ms="32703" status="PASS">
          <params>
            <param index="0">
              <value>
                <![CDATA["TC_09 Navigate to Reset Password Page"]]>
              </value>
            </param>
            <param index="1">
              <value>
                <![CDATA["User Login"]]>
              </value>
            </param>
          </params>
          <reporter-output>
          </reporter-output>
        </test-method> <!-- runScenario -->
        <test-method signature="runScenario(io.cucumber.testng.PickleWrapper,io.cucumber.testng.FeatureWrapper)[pri:0, instance:com.thinktimetechno.runners.FullTest.FullTestTestRunner@5099c59b]" started-at="2025-04-04T17:08:03 IST" name="runScenario" description="Runs Cucumber Scenarios" data-provider="scenarios" finished-at="2025-04-04T17:10:41 IST" duration-ms="158457" status="PASS">
          <params>
            <param index="0">
              <value>
                <![CDATA["TC_15 Registration with Valid Details and Course Completion"]]>
              </value>
            </param>
            <param index="1">
              <value>
                <![CDATA["User Registration and Course Enrollment"]]>
              </value>
            </param>
          </params>
          <reporter-output>
          </reporter-output>
        </test-method> <!-- runScenario -->
        <test-method signature="runScenario(io.cucumber.testng.PickleWrapper,io.cucumber.testng.FeatureWrapper)[pri:0, instance:com.thinktimetechno.runners.FullTest.FullTestTestRunner@5099c59b]" started-at="2025-04-04T17:10:41 IST" name="runScenario" description="Runs Cucumber Scenarios" data-provider="scenarios" finished-at="2025-04-04T17:14:36 IST" duration-ms="234898" status="PASS">
          <params>
            <param index="0">
              <value>
                <![CDATA["TC_16 Verify if the user can purchase course with add-ons"]]>
              </value>
            </param>
            <param index="1">
              <value>
                <![CDATA["User Registration and Course Enrollment"]]>
              </value>
            </param>
          </params>
          <reporter-output>
          </reporter-output>
        </test-method> <!-- runScenario -->
        <test-method is-config="true" signature="tearDownClass()[pri:0, instance:com.thinktimetechno.runners.FullTest.FullTestTestRunner@5099c59b]" started-at="2025-04-04T17:14:36 IST" name="tearDownClass" finished-at="2025-04-04T17:14:37 IST" duration-ms="575" status="PASS">
          <reporter-output>
          </reporter-output>
        </test-method> <!-- tearDownClass -->
        <test-method is-config="true" signature="afterSuite()[pri:0, instance:com.thinktimetechno.runners.FullTest.FullTestTestRunner@5099c59b]" started-at="2025-04-04T17:14:37 IST" name="afterSuite" finished-at="2025-04-04T17:14:37 IST" duration-ms="5" status="PASS">
          <reporter-output>
          </reporter-output>
        </test-method> <!-- afterSuite -->
      </class> <!-- com.thinktimetechno.runners.FullTest.FullTestTestRunner -->
    </test> <!-- Test Cucumber All Feature -->
  </suite> <!-- Suite Cucumber All Feature -->
</testng-results>
