<?xml version="1.0" encoding="UTF-8"?>
<testng-results ignored="0" total="20" passed="20" failed="0" skipped="0">
  <reporter-output>
  </reporter-output>
  <suite started-at="2025-04-07T17:12:53 IST" name="Suite Cucumber All Feature" finished-at="2025-04-07T17:31:02 IST" duration-ms="1088349">
    <groups>
      <group name="cucumber">
        <method signature="AbstractTestNGCucumberTests.runScenario(io.cucumber.testng.PickleWrapper,io.cucumber.testng.FeatureWrapper)[pri:0, instance:com.thinktimetechno.runners.FullTest.FullTestTestRunner@5529ff44]" name="runScenario" class="io.cucumber.testng.AbstractTestNGCucumberTests"/>
      </group> <!-- cucumber -->
    </groups>
    <test started-at="2025-04-07T17:12:53 IST" name="Test Cucumber All Feature" finished-at="2025-04-07T17:31:02 IST" duration-ms="1088349">
      <class name="com.thinktimetechno.runners.FullTest.FullTestTestRunner">
        <test-method is-config="true" signature="setUpClass(org.testng.ITestContext)[pri:0, instance:com.thinktimetechno.runners.FullTest.FullTestTestRunner@5529ff44]" started-at="2025-04-07T17:12:53 IST" name="setUpClass" finished-at="2025-04-07T17:12:56 IST" duration-ms="2808" status="PASS">
          <params>
            <param index="0">
              <value>
                <![CDATA[org.testng.TestRunner@3994c5fa]]>
              </value>
            </param>
          </params>
          <reporter-output>
          </reporter-output>
        </test-method> <!-- setUpClass -->
        <test-method signature="runScenario(io.cucumber.testng.PickleWrapper,io.cucumber.testng.FeatureWrapper)[pri:0, instance:com.thinktimetechno.runners.FullTest.FullTestTestRunner@5529ff44]" started-at="2025-04-07T17:12:56 IST" name="runScenario" description="Runs Cucumber Scenarios" data-provider="scenarios" finished-at="2025-04-07T17:13:28 IST" duration-ms="31737" status="PASS">
          <params>
            <param index="0">
              <value>
                <![CDATA["TC_01 Corporate Registration with Valid Details"]]>
              </value>
            </param>
            <param index="1">
              <value>
                <![CDATA["Group Registration"]]>
              </value>
            </param>
          </params>
          <reporter-output>
          </reporter-output>
        </test-method> <!-- runScenario -->
        <test-method signature="runScenario(io.cucumber.testng.PickleWrapper,io.cucumber.testng.FeatureWrapper)[pri:0, instance:com.thinktimetechno.runners.FullTest.FullTestTestRunner@5529ff44]" started-at="2025-04-07T17:13:28 IST" name="runScenario" description="Runs Cucumber Scenarios" data-provider="scenarios" finished-at="2025-04-07T17:13:50 IST" duration-ms="21921" status="PASS">
          <params>
            <param index="0">
              <value>
                <![CDATA["TC_02 Corporate Register(leaving one mandatory field blank)"]]>
              </value>
            </param>
            <param index="1">
              <value>
                <![CDATA["Group Registration"]]>
              </value>
            </param>
          </params>
          <reporter-output>
          </reporter-output>
        </test-method> <!-- runScenario -->
        <test-method signature="runScenario(io.cucumber.testng.PickleWrapper,io.cucumber.testng.FeatureWrapper)[pri:0, instance:com.thinktimetechno.runners.FullTest.FullTestTestRunner@5529ff44]" started-at="2025-04-07T17:13:50 IST" name="runScenario" description="Runs Cucumber Scenarios" data-provider="scenarios" finished-at="2025-04-07T17:14:17 IST" duration-ms="26793" status="PASS">
          <params>
            <param index="0">
              <value>
                <![CDATA["TC_03 Corporate Register(with existing accounts credentials)"]]>
              </value>
            </param>
            <param index="1">
              <value>
                <![CDATA["Group Registration"]]>
              </value>
            </param>
          </params>
          <reporter-output>
          </reporter-output>
        </test-method> <!-- runScenario -->
        <test-method signature="runScenario(io.cucumber.testng.PickleWrapper,io.cucumber.testng.FeatureWrapper)[pri:0, instance:com.thinktimetechno.runners.FullTest.FullTestTestRunner@5529ff44]" started-at="2025-04-07T17:14:17 IST" name="runScenario" description="Runs Cucumber Scenarios" data-provider="scenarios" finished-at="2025-04-07T17:14:36 IST" duration-ms="19667" status="PASS">
          <params>
            <param index="0">
              <value>
                <![CDATA["TC_04 Login with Valid Credentials"]]>
              </value>
            </param>
            <param index="1">
              <value>
                <![CDATA["Group Login"]]>
              </value>
            </param>
          </params>
          <reporter-output>
          </reporter-output>
        </test-method> <!-- runScenario -->
        <test-method signature="runScenario(io.cucumber.testng.PickleWrapper,io.cucumber.testng.FeatureWrapper)[pri:0, instance:com.thinktimetechno.runners.FullTest.FullTestTestRunner@5529ff44]" started-at="2025-04-07T17:14:36 IST" name="runScenario" description="Runs Cucumber Scenarios" data-provider="scenarios" finished-at="2025-04-07T17:14:53 IST" duration-ms="16503" status="PASS">
          <params>
            <param index="0">
              <value>
                <![CDATA["TC_05 Login with Valid Username Invalid  Password"]]>
              </value>
            </param>
            <param index="1">
              <value>
                <![CDATA["Group Login"]]>
              </value>
            </param>
          </params>
          <reporter-output>
          </reporter-output>
        </test-method> <!-- runScenario -->
        <test-method signature="runScenario(io.cucumber.testng.PickleWrapper,io.cucumber.testng.FeatureWrapper)[pri:0, instance:com.thinktimetechno.runners.FullTest.FullTestTestRunner@5529ff44]" started-at="2025-04-07T17:14:53 IST" name="runScenario" description="Runs Cucumber Scenarios" data-provider="scenarios" finished-at="2025-04-07T17:15:08 IST" duration-ms="15568" status="PASS">
          <params>
            <param index="0">
              <value>
                <![CDATA["TC_06 Login with Invalid Username valid  Password"]]>
              </value>
            </param>
            <param index="1">
              <value>
                <![CDATA["Group Login"]]>
              </value>
            </param>
          </params>
          <reporter-output>
          </reporter-output>
        </test-method> <!-- runScenario -->
        <test-method signature="runScenario(io.cucumber.testng.PickleWrapper,io.cucumber.testng.FeatureWrapper)[pri:0, instance:com.thinktimetechno.runners.FullTest.FullTestTestRunner@5529ff44]" started-at="2025-04-07T17:15:08 IST" name="runScenario" description="Runs Cucumber Scenarios" data-provider="scenarios" finished-at="2025-04-07T17:15:25 IST" duration-ms="17025" status="PASS">
          <params>
            <param index="0">
              <value>
                <![CDATA["TC_07 Login with Invalid Username Invalid  Password"]]>
              </value>
            </param>
            <param index="1">
              <value>
                <![CDATA["Group Login"]]>
              </value>
            </param>
          </params>
          <reporter-output>
          </reporter-output>
        </test-method> <!-- runScenario -->
        <test-method signature="runScenario(io.cucumber.testng.PickleWrapper,io.cucumber.testng.FeatureWrapper)[pri:0, instance:com.thinktimetechno.runners.FullTest.FullTestTestRunner@5529ff44]" started-at="2025-04-07T17:15:25 IST" name="runScenario" description="Runs Cucumber Scenarios" data-provider="scenarios" finished-at="2025-04-07T17:15:45 IST" duration-ms="19732" status="PASS">
          <params>
            <param index="0">
              <value>
                <![CDATA["TC_08 Verify Forgot Password Functionality Using a Valid Registered Email Address"]]>
              </value>
            </param>
            <param index="1">
              <value>
                <![CDATA["Group Login"]]>
              </value>
            </param>
          </params>
          <reporter-output>
          </reporter-output>
        </test-method> <!-- runScenario -->
        <test-method signature="runScenario(io.cucumber.testng.PickleWrapper,io.cucumber.testng.FeatureWrapper)[pri:0, instance:com.thinktimetechno.runners.FullTest.FullTestTestRunner@5529ff44]" started-at="2025-04-07T17:15:45 IST" name="runScenario" description="Runs Cucumber Scenarios" data-provider="scenarios" finished-at="2025-04-07T17:16:04 IST" duration-ms="18664" status="PASS">
          <params>
            <param index="0">
              <value>
                <![CDATA["TC_09 Verify Forgot Password Functionality Using a Non-Registered/Invalid Email Address"]]>
              </value>
            </param>
            <param index="1">
              <value>
                <![CDATA["Group Login"]]>
              </value>
            </param>
          </params>
          <reporter-output>
          </reporter-output>
        </test-method> <!-- runScenario -->
        <test-method signature="runScenario(io.cucumber.testng.PickleWrapper,io.cucumber.testng.FeatureWrapper)[pri:0, instance:com.thinktimetechno.runners.FullTest.FullTestTestRunner@5529ff44]" started-at="2025-04-07T17:16:04 IST" name="runScenario" description="Runs Cucumber Scenarios" data-provider="scenarios" finished-at="2025-04-07T17:17:26 IST" duration-ms="82452" status="PASS">
          <params>
            <param index="0">
              <value>
                <![CDATA["TC_01 Registration with Valid Details"]]>
              </value>
            </param>
            <param index="1">
              <value>
                <![CDATA["User Registration"]]>
              </value>
            </param>
          </params>
          <reporter-output>
          </reporter-output>
        </test-method> <!-- runScenario -->
        <test-method signature="runScenario(io.cucumber.testng.PickleWrapper,io.cucumber.testng.FeatureWrapper)[pri:0, instance:com.thinktimetechno.runners.FullTest.FullTestTestRunner@5529ff44]" started-at="2025-04-07T17:17:26 IST" name="runScenario" description="Runs Cucumber Scenarios" data-provider="scenarios" finished-at="2025-04-07T17:18:42 IST" duration-ms="75297" status="PASS">
          <params>
            <param index="0">
              <value>
                <![CDATA["TC_02 Register(leaving one mandatory field blank)"]]>
              </value>
            </param>
            <param index="1">
              <value>
                <![CDATA["User Registration"]]>
              </value>
            </param>
          </params>
          <reporter-output>
          </reporter-output>
        </test-method> <!-- runScenario -->
        <test-method signature="runScenario(io.cucumber.testng.PickleWrapper,io.cucumber.testng.FeatureWrapper)[pri:0, instance:com.thinktimetechno.runners.FullTest.FullTestTestRunner@5529ff44]" started-at="2025-04-07T17:18:42 IST" name="runScenario" description="Runs Cucumber Scenarios" data-provider="scenarios" finished-at="2025-04-07T17:20:00 IST" duration-ms="78133" status="PASS">
          <params>
            <param index="0">
              <value>
                <![CDATA["TC_03 Register(with existing accounts credentials)"]]>
              </value>
            </param>
            <param index="1">
              <value>
                <![CDATA["User Registration"]]>
              </value>
            </param>
          </params>
          <reporter-output>
          </reporter-output>
        </test-method> <!-- runScenario -->
        <test-method signature="runScenario(io.cucumber.testng.PickleWrapper,io.cucumber.testng.FeatureWrapper)[pri:0, instance:com.thinktimetechno.runners.FullTest.FullTestTestRunner@5529ff44]" started-at="2025-04-07T17:20:00 IST" name="runScenario" description="Runs Cucumber Scenarios" data-provider="scenarios" finished-at="2025-04-07T17:21:31 IST" duration-ms="90752" status="PASS">
          <params>
            <param index="0">
              <value>
                <![CDATA["TC_04 Navigate to Registration Page from Login Page"]]>
              </value>
            </param>
            <param index="1">
              <value>
                <![CDATA["User Registration"]]>
              </value>
            </param>
          </params>
          <reporter-output>
          </reporter-output>
        </test-method> <!-- runScenario -->
        <test-method signature="runScenario(io.cucumber.testng.PickleWrapper,io.cucumber.testng.FeatureWrapper)[pri:0, instance:com.thinktimetechno.runners.FullTest.FullTestTestRunner@5529ff44]" started-at="2025-04-07T17:21:31 IST" name="runScenario" description="Runs Cucumber Scenarios" data-provider="scenarios" finished-at="2025-04-07T17:22:41 IST" duration-ms="70272" status="PASS">
          <params>
            <param index="0">
              <value>
                <![CDATA["TC_05 Login with Valid Credentials"]]>
              </value>
            </param>
            <param index="1">
              <value>
                <![CDATA["User Login"]]>
              </value>
            </param>
          </params>
          <reporter-output>
          </reporter-output>
        </test-method> <!-- runScenario -->
        <test-method signature="runScenario(io.cucumber.testng.PickleWrapper,io.cucumber.testng.FeatureWrapper)[pri:0, instance:com.thinktimetechno.runners.FullTest.FullTestTestRunner@5529ff44]" started-at="2025-04-07T17:22:41 IST" name="runScenario" description="Runs Cucumber Scenarios" data-provider="scenarios" finished-at="2025-04-07T17:23:13 IST" duration-ms="32508" status="PASS">
          <params>
            <param index="0">
              <value>
                <![CDATA["TC_06 Login with Valid Username Invalid  Password"]]>
              </value>
            </param>
            <param index="1">
              <value>
                <![CDATA["User Login"]]>
              </value>
            </param>
          </params>
          <reporter-output>
          </reporter-output>
        </test-method> <!-- runScenario -->
        <test-method signature="runScenario(io.cucumber.testng.PickleWrapper,io.cucumber.testng.FeatureWrapper)[pri:0, instance:com.thinktimetechno.runners.FullTest.FullTestTestRunner@5529ff44]" started-at="2025-04-07T17:23:13 IST" name="runScenario" description="Runs Cucumber Scenarios" data-provider="scenarios" finished-at="2025-04-07T17:23:47 IST" duration-ms="33960" status="PASS">
          <params>
            <param index="0">
              <value>
                <![CDATA["TC_07 Login with Invalid Username valid  Password"]]>
              </value>
            </param>
            <param index="1">
              <value>
                <![CDATA["User Login"]]>
              </value>
            </param>
          </params>
          <reporter-output>
          </reporter-output>
        </test-method> <!-- runScenario -->
        <test-method signature="runScenario(io.cucumber.testng.PickleWrapper,io.cucumber.testng.FeatureWrapper)[pri:0, instance:com.thinktimetechno.runners.FullTest.FullTestTestRunner@5529ff44]" started-at="2025-04-07T17:23:47 IST" name="runScenario" description="Runs Cucumber Scenarios" data-provider="scenarios" finished-at="2025-04-07T17:24:20 IST" duration-ms="32413" status="PASS">
          <params>
            <param index="0">
              <value>
                <![CDATA["TC_08 Login with Invalid Username Invalid  Password"]]>
              </value>
            </param>
            <param index="1">
              <value>
                <![CDATA["User Login"]]>
              </value>
            </param>
          </params>
          <reporter-output>
          </reporter-output>
        </test-method> <!-- runScenario -->
        <test-method signature="runScenario(io.cucumber.testng.PickleWrapper,io.cucumber.testng.FeatureWrapper)[pri:0, instance:com.thinktimetechno.runners.FullTest.FullTestTestRunner@5529ff44]" started-at="2025-04-07T17:24:20 IST" name="runScenario" description="Runs Cucumber Scenarios" data-provider="scenarios" finished-at="2025-04-07T17:24:57 IST" duration-ms="37664" status="PASS">
          <params>
            <param index="0">
              <value>
                <![CDATA["TC_09 Navigate to Reset Password Page"]]>
              </value>
            </param>
            <param index="1">
              <value>
                <![CDATA["User Login"]]>
              </value>
            </param>
          </params>
          <reporter-output>
          </reporter-output>
        </test-method> <!-- runScenario -->
        <test-method signature="runScenario(io.cucumber.testng.PickleWrapper,io.cucumber.testng.FeatureWrapper)[pri:0, instance:com.thinktimetechno.runners.FullTest.FullTestTestRunner@5529ff44]" started-at="2025-04-07T17:24:57 IST" name="runScenario" description="Runs Cucumber Scenarios" data-provider="scenarios" finished-at="2025-04-07T17:27:48 IST" duration-ms="170303" status="PASS">
          <params>
            <param index="0">
              <value>
                <![CDATA["TC_15 Registration with Valid Details and Course Completion"]]>
              </value>
            </param>
            <param index="1">
              <value>
                <![CDATA["User Registration and Course Enrollment"]]>
              </value>
            </param>
          </params>
          <reporter-output>
          </reporter-output>
        </test-method> <!-- runScenario -->
        <test-method signature="runScenario(io.cucumber.testng.PickleWrapper,io.cucumber.testng.FeatureWrapper)[pri:0, instance:com.thinktimetechno.runners.FullTest.FullTestTestRunner@5529ff44]" started-at="2025-04-07T17:27:48 IST" name="runScenario" description="Runs Cucumber Scenarios" data-provider="scenarios" finished-at="2025-04-07T17:31:01 IST" duration-ms="193070" status="PASS">
          <params>
            <param index="0">
              <value>
                <![CDATA["TC_16 Verify if the user can purchase course with add-ons"]]>
              </value>
            </param>
            <param index="1">
              <value>
                <![CDATA["User Registration and Course Enrollment"]]>
              </value>
            </param>
          </params>
          <reporter-output>
          </reporter-output>
        </test-method> <!-- runScenario -->
        <test-method is-config="true" signature="tearDownClass()[pri:0, instance:com.thinktimetechno.runners.FullTest.FullTestTestRunner@5529ff44]" started-at="2025-04-07T17:31:01 IST" name="tearDownClass" finished-at="2025-04-07T17:31:02 IST" duration-ms="966" status="PASS">
          <reporter-output>
          </reporter-output>
        </test-method> <!-- tearDownClass -->
        <test-method is-config="true" signature="afterSuite()[pri:0, instance:com.thinktimetechno.runners.FullTest.FullTestTestRunner@5529ff44]" started-at="2025-04-07T17:31:02 IST" name="afterSuite" finished-at="2025-04-07T17:31:02 IST" duration-ms="5" status="PASS">
          <reporter-output>
          </reporter-output>
        </test-method> <!-- afterSuite -->
      </class> <!-- com.thinktimetechno.runners.FullTest.FullTestTestRunner -->
    </test> <!-- Test Cucumber All Feature -->
  </suite> <!-- Suite Cucumber All Feature -->
</testng-results>
