<?xml version="1.0" encoding="UTF-8"?>
<testng-results ignored="0" total="1" passed="0" failed="1" skipped="0">
  <reporter-output>
  </reporter-output>
  <suite started-at="2025-04-29T11:04:29 IST" name="Default suite" finished-at="2025-04-29T11:06:11 IST" duration-ms="102276">
    <groups>
      <group name="cucumber">
        <method signature="AbstractTestNGCucumberTests.runScenario(io.cucumber.testng.PickleWrapper,io.cucumber.testng.FeatureWrapper)[pri:0, instance:com.thinktimetechno.runners.SingleUser.SU_TC_18_Purchase_wallet_card_and_virtual_review_session_with_addons_TestRunner@6909f6be]" name="runScenario" class="io.cucumber.testng.AbstractTestNGCucumberTests"/>
      </group> <!-- cucumber -->
    </groups>
    <test started-at="2025-04-29T11:04:29 IST" name="Default test" finished-at="2025-04-29T11:06:11 IST" duration-ms="102276">
      <class name="com.thinktimetechno.runners.SingleUser.SU_TC_18_Purchase_wallet_card_and_virtual_review_session_with_addons_TestRunner">
        <test-method is-config="true" signature="setUpClass(org.testng.ITestContext)[pri:0, instance:com.thinktimetechno.runners.SingleUser.SU_TC_18_Purchase_wallet_card_and_virtual_review_session_with_addons_TestRunner@6909f6be]" started-at="2025-04-29T11:04:29 IST" name="setUpClass" finished-at="2025-04-29T11:04:31 IST" duration-ms="2117" status="PASS">
          <params>
            <param index="0">
              <value>
                <![CDATA[org.testng.TestRunner@39dde2a3]]>
              </value>
            </param>
          </params>
          <reporter-output>
          </reporter-output>
        </test-method> <!-- setUpClass -->
        <test-method signature="runScenario(io.cucumber.testng.PickleWrapper,io.cucumber.testng.FeatureWrapper)[pri:0, instance:com.thinktimetechno.runners.SingleUser.SU_TC_18_Purchase_wallet_card_and_virtual_review_session_with_addons_TestRunner@6909f6be]" started-at="2025-04-29T11:04:31 IST" name="runScenario" description="Runs Cucumber Scenarios" data-provider="scenarios" finished-at="2025-04-29T11:06:03 IST" duration-ms="92165" status="FAIL">
          <params>
            <param index="0">
              <value>
                <![CDATA["TC_18 Purchase wallet card and virtual review session add-ons"]]>
              </value>
            </param>
            <param index="1">
              <value>
                <![CDATA["SU_TC_18_Purchase_walletcard_and_virtual_review_session_add-ons"]]>
              </value>
            </param>
          </params>
          <exception class="org.openqa.selenium.TimeoutException">
            <message>
              <![CDATA[Expected condition failed: waiting for title to be "Purchased courses list | Learntastic". Current title: "| Learntastic" (tried for 20 second(s) with 500 milliseconds interval)
Build info: version: '4.12.1', revision: '8e34639b11'
System info: os.name: 'Windows 11', os.arch: 'amd64', os.version: '10.0', java.version: '17.0.12'
Driver info: jdk.proxy2.$Proxy60]]>
            </message>
            <full-stacktrace>
              <![CDATA[org.openqa.selenium.TimeoutException: Expected condition failed: waiting for title to be "Purchased courses list | Learntastic". Current title: "| Learntastic" (tried for 20 second(s) with 500 milliseconds interval)
Build info: version: '4.12.1', revision: '8e34639b11'
System info: os.name: 'Windows 11', os.arch: 'amd64', os.version: '10.0', java.version: '17.0.12'
Driver info: jdk.proxy2.$Proxy60
at org.openqa.selenium.support.ui.WebDriverWait.timeoutException(WebDriverWait.java:84)
at org.openqa.selenium.support.ui.FluentWait.until(FluentWait.java:230)
at com.thinktimetechno.keywords.WebUI.verifyPageTitleContains(WebUI.java:80)
at com.thinktimetechno.projects.website.pages.DashboardPage.verifypurchasecoursePageDisplays(DashboardPage.java:35)
at com.thinktimetechno.projects.website.stepdefinitions.SingleUser.Single_User_StepDefinitions.user_lands_on_the_purchasecourse_page(Single_User_StepDefinitions.java:602)
at ✽.User lands on Purchased courses list Page(file:///D:/Workspace/Learntastic-main/src/test/resources/features/SingleUser/SU_TC_18%20Purchase%20wallet%20card%20with%20virtual%20review%20session%20add-ons.feature:72)
]]>
            </full-stacktrace>
          </exception> <!-- org.openqa.selenium.TimeoutException -->
          <reporter-output>
          </reporter-output>
        </test-method> <!-- runScenario -->
        <test-method is-config="true" signature="tearDownClass()[pri:0, instance:com.thinktimetechno.runners.SingleUser.SU_TC_18_Purchase_wallet_card_and_virtual_review_session_with_addons_TestRunner@6909f6be]" started-at="2025-04-29T11:06:03 IST" name="tearDownClass" finished-at="2025-04-29T11:06:11 IST" duration-ms="7895" status="PASS">
          <reporter-output>
          </reporter-output>
        </test-method> <!-- tearDownClass -->
        <test-method is-config="true" signature="afterSuite()[pri:0, instance:com.thinktimetechno.runners.SingleUser.SU_TC_18_Purchase_wallet_card_and_virtual_review_session_with_addons_TestRunner@6909f6be]" started-at="2025-04-29T11:06:11 IST" name="afterSuite" finished-at="2025-04-29T11:06:11 IST" duration-ms="4" status="PASS">
          <reporter-output>
          </reporter-output>
        </test-method> <!-- afterSuite -->
      </class> <!-- com.thinktimetechno.runners.SingleUser.SU_TC_18_Purchase_wallet_card_and_virtual_review_session_with_addons_TestRunner -->
    </test> <!-- Default test -->
  </suite> <!-- Default suite -->
</testng-results>
