<?xml version="1.0" encoding="UTF-8"?>
<testng-results ignored="0" total="1" passed="1" failed="0" skipped="0">
  <reporter-output>
  </reporter-output>
  <suite started-at="2025-04-24T10:30:58 IST" name="Default suite" finished-at="2025-04-24T10:32:03 IST" duration-ms="65541">
    <groups>
      <group name="cucumber">
        <method signature="AbstractTestNGCucumberTests.runScenario(io.cucumber.testng.PickleWrapper,io.cucumber.testng.FeatureWrapper)[pri:0, instance:com.thinktimetechno.runners.SingleUser.SU_TC_01_Registration_with_Valid_Details_TestRunner@100ad67e]" name="runScenario" class="io.cucumber.testng.AbstractTestNGCucumberTests"/>
      </group> <!-- cucumber -->
    </groups>
    <test started-at="2025-04-24T10:30:58 IST" name="Default test" finished-at="2025-04-24T10:32:03 IST" duration-ms="65541">
      <class name="com.thinktimetechno.runners.SingleUser.SU_TC_01_Registration_with_Valid_Details_TestRunner">
        <test-method is-config="true" signature="setUpClass(org.testng.ITestContext)[pri:0, instance:com.thinktimetechno.runners.SingleUser.SU_TC_01_Registration_with_Valid_Details_TestRunner@100ad67e]" started-at="2025-04-24T10:30:58 IST" name="setUpClass" finished-at="2025-04-24T10:31:00 IST" duration-ms="2268" status="PASS">
          <params>
            <param index="0">
              <value>
                <![CDATA[org.testng.TestRunner@537bdff0]]>
              </value>
            </param>
          </params>
          <reporter-output>
          </reporter-output>
        </test-method> <!-- setUpClass -->
        <test-method signature="runScenario(io.cucumber.testng.PickleWrapper,io.cucumber.testng.FeatureWrapper)[pri:0, instance:com.thinktimetechno.runners.SingleUser.SU_TC_01_Registration_with_Valid_Details_TestRunner@100ad67e]" started-at="2025-04-24T10:31:00 IST" name="runScenario" description="Runs Cucumber Scenarios" data-provider="scenarios" finished-at="2025-04-24T10:31:59 IST" duration-ms="58555" status="PASS">
          <params>
            <param index="0">
              <value>
                <![CDATA["TC_01 Registration with Valid Details"]]>
              </value>
            </param>
            <param index="1">
              <value>
                <![CDATA["SU_TC01_Register_with_valid_credentials"]]>
              </value>
            </param>
          </params>
          <reporter-output>
          </reporter-output>
        </test-method> <!-- runScenario -->
        <test-method is-config="true" signature="tearDownClass()[pri:0, instance:com.thinktimetechno.runners.SingleUser.SU_TC_01_Registration_with_Valid_Details_TestRunner@100ad67e]" started-at="2025-04-24T10:31:59 IST" name="tearDownClass" finished-at="2025-04-24T10:32:03 IST" duration-ms="4549" status="PASS">
          <reporter-output>
          </reporter-output>
        </test-method> <!-- tearDownClass -->
        <test-method is-config="true" signature="afterSuite()[pri:0, instance:com.thinktimetechno.runners.SingleUser.SU_TC_01_Registration_with_Valid_Details_TestRunner@100ad67e]" started-at="2025-04-24T10:32:04 IST" name="afterSuite" finished-at="2025-04-24T10:32:07 IST" duration-ms="3962" status="PASS">
          <reporter-output>
          </reporter-output>
        </test-method> <!-- afterSuite -->
      </class> <!-- com.thinktimetechno.runners.SingleUser.SU_TC_01_Registration_with_Valid_Details_TestRunner -->
    </test> <!-- Default test -->
  </suite> <!-- Default suite -->
</testng-results>
